{"D:\\GIT\\Zoonix\\clinvet-api\\backend\\controllers\\atendimentosController.js": {"path":"D:\\GIT\\Zoonix\\clinvet-api\\backend\\controllers\\atendimentosController.js","statementMap":{"0":{"start":{"line":3,"column":34},"end":{"line":24,"column":1}},"1":{"start":{"line":4,"column":2},"end":{"line":23,"column":3}},"2":{"start":{"line":5,"column":22},"end":{"line":18,"column":6}},"3":{"start":{"line":19,"column":4},"end":{"line":19,"column":22}},"4":{"start":{"line":21,"column":4},"end":{"line":21,"column":55}},"5":{"start":{"line":22,"column":4},"end":{"line":22,"column":57}},"6":{"start":{"line":27,"column":36},"end":{"line":58,"column":1}},"7":{"start":{"line":28,"column":91},"end":{"line":28,"column":99}},"8":{"start":{"line":30,"column":2},"end":{"line":32,"column":3}},"9":{"start":{"line":31,"column":4},"end":{"line":31,"column":74}},"10":{"start":{"line":34,"column":2},"end":{"line":57,"column":3}},"11":{"start":{"line":36,"column":23},"end":{"line":36,"column":97}},"12":{"start":{"line":37,"column":4},"end":{"line":37,"column":87}},"13":{"start":{"line":37,"column":31},"end":{"line":37,"column":87}},"14":{"start":{"line":38,"column":25},"end":{"line":38,"column":39}},"15":{"start":{"line":42,"column":18},"end":{"line":42,"column":28}},"16":{"start":{"line":43,"column":25},"end":{"line":43,"column":73}},"17":{"start":{"line":44,"column":22},"end":{"line":44,"column":61}},"18":{"start":{"line":45,"column":24},"end":{"line":45,"column":46}},"19":{"start":{"line":47,"column":4},"end":{"line":51,"column":6}},"20":{"start":{"line":53,"column":4},"end":{"line":53,"column":64}},"21":{"start":{"line":55,"column":4},"end":{"line":55,"column":57}},"22":{"start":{"line":56,"column":4},"end":{"line":56,"column":59}},"23":{"start":{"line":61,"column":36},"end":{"line":93,"column":1}},"24":{"start":{"line":62,"column":17},"end":{"line":62,"column":27}},"25":{"start":{"line":63,"column":91},"end":{"line":63,"column":99}},"26":{"start":{"line":65,"column":2},"end":{"line":67,"column":3}},"27":{"start":{"line":66,"column":4},"end":{"line":66,"column":74}},"28":{"start":{"line":69,"column":2},"end":{"line":92,"column":3}},"29":{"start":{"line":71,"column":23},"end":{"line":71,"column":97}},"30":{"start":{"line":72,"column":4},"end":{"line":72,"column":87}},"31":{"start":{"line":72,"column":31},"end":{"line":72,"column":87}},"32":{"start":{"line":73,"column":25},"end":{"line":73,"column":39}},"33":{"start":{"line":77,"column":18},"end":{"line":77,"column":28}},"34":{"start":{"line":78,"column":25},"end":{"line":78,"column":73}},"35":{"start":{"line":79,"column":22},"end":{"line":79,"column":61}},"36":{"start":{"line":80,"column":24},"end":{"line":80,"column":46}},"37":{"start":{"line":82,"column":4},"end":{"line":86,"column":97}},"38":{"start":{"line":88,"column":4},"end":{"line":88,"column":52}},"39":{"start":{"line":90,"column":4},"end":{"line":90,"column":57}},"40":{"start":{"line":91,"column":4},"end":{"line":91,"column":59}},"41":{"start":{"line":96,"column":34},"end":{"line":135,"column":1}},"42":{"start":{"line":97,"column":17},"end":{"line":97,"column":27}},"43":{"start":{"line":98,"column":31},"end":{"line":98,"column":39}},"44":{"start":{"line":100,"column":2},"end":{"line":102,"column":3}},"45":{"start":{"line":101,"column":4},"end":{"line":101,"column":76}},"46":{"start":{"line":104,"column":2},"end":{"line":134,"column":3}},"47":{"start":{"line":106,"column":26},"end":{"line":106,"column":89}},"48":{"start":{"line":107,"column":4},"end":{"line":109,"column":5}},"49":{"start":{"line":108,"column":6},"end":{"line":108,"column":65}},"50":{"start":{"line":112,"column":21},"end":{"line":112,"column":82}},"51":{"start":{"line":113,"column":4},"end":{"line":115,"column":5}},"52":{"start":{"line":114,"column":6},"end":{"line":114,"column":79}},"53":{"start":{"line":118,"column":26},"end":{"line":118,"column":106}},"54":{"start":{"line":119,"column":4},"end":{"line":121,"column":5}},"55":{"start":{"line":120,"column":4},"end":{"line":120,"column":75}},"56":{"start":{"line":122,"column":39},"end":{"line":122,"column":56}},"57":{"start":{"line":123,"column":21},"end":{"line":123,"column":76}},"58":{"start":{"line":125,"column":0},"end":{"line":128,"column":63}},"59":{"start":{"line":130,"column":4},"end":{"line":130,"column":50}},"60":{"start":{"line":132,"column":4},"end":{"line":132,"column":55}},"61":{"start":{"line":133,"column":4},"end":{"line":133,"column":57}},"62":{"start":{"line":137,"column":38},"end":{"line":160,"column":1}},"63":{"start":{"line":138,"column":17},"end":{"line":138,"column":27}},"64":{"start":{"line":140,"column":2},"end":{"line":159,"column":3}},"65":{"start":{"line":141,"column":22},"end":{"line":149,"column":12}},"66":{"start":{"line":151,"column":4},"end":{"line":153,"column":5}},"67":{"start":{"line":152,"column":6},"end":{"line":152,"column":65}},"68":{"start":{"line":155,"column":4},"end":{"line":155,"column":25}},"69":{"start":{"line":157,"column":4},"end":{"line":157,"column":54}},"70":{"start":{"line":158,"column":4},"end":{"line":158,"column":56}}},"fnMap":{"0":{"name":"(anonymous_0)","decl":{"start":{"line":3,"column":34},"end":{"line":3,"column":35}},"loc":{"start":{"line":3,"column":54},"end":{"line":24,"column":1}},"line":3},"1":{"name":"(anonymous_1)","decl":{"start":{"line":27,"column":36},"end":{"line":27,"column":37}},"loc":{"start":{"line":27,"column":56},"end":{"line":58,"column":1}},"line":27},"2":{"name":"(anonymous_2)","decl":{"start":{"line":61,"column":36},"end":{"line":61,"column":37}},"loc":{"start":{"line":61,"column":56},"end":{"line":93,"column":1}},"line":61},"3":{"name":"(anonymous_3)","decl":{"start":{"line":96,"column":34},"end":{"line":96,"column":35}},"loc":{"start":{"line":96,"column":54},"end":{"line":135,"column":1}},"line":96},"4":{"name":"(anonymous_4)","decl":{"start":{"line":137,"column":38},"end":{"line":137,"column":39}},"loc":{"start":{"line":137,"column":58},"end":{"line":160,"column":1}},"line":137}},"branchMap":{"0":{"loc":{"start":{"line":30,"column":2},"end":{"line":32,"column":3}},"type":"if","locations":[{"start":{"line":30,"column":2},"end":{"line":32,"column":3}},{"start":{},"end":{}}],"line":30},"1":{"loc":{"start":{"line":30,"column":6},"end":{"line":30,"column":98}},"type":"binary-expr","locations":[{"start":{"line":30,"column":6},"end":{"line":30,"column":20}},{"start":{"line":30,"column":24},"end":{"line":30,"column":39}},{"start":{"line":30,"column":43},"end":{"line":30,"column":55}},{"start":{"line":30,"column":59},"end":{"line":30,"column":70}},{"start":{"line":30,"column":74},"end":{"line":30,"column":89}},{"start":{"line":30,"column":93},"end":{"line":30,"column":98}}],"line":30},"2":{"loc":{"start":{"line":37,"column":4},"end":{"line":37,"column":87}},"type":"if","locations":[{"start":{"line":37,"column":4},"end":{"line":37,"column":87}},{"start":{},"end":{}}],"line":37},"3":{"loc":{"start":{"line":65,"column":2},"end":{"line":67,"column":3}},"type":"if","locations":[{"start":{"line":65,"column":2},"end":{"line":67,"column":3}},{"start":{},"end":{}}],"line":65},"4":{"loc":{"start":{"line":65,"column":6},"end":{"line":65,"column":98}},"type":"binary-expr","locations":[{"start":{"line":65,"column":6},"end":{"line":65,"column":20}},{"start":{"line":65,"column":24},"end":{"line":65,"column":39}},{"start":{"line":65,"column":43},"end":{"line":65,"column":55}},{"start":{"line":65,"column":59},"end":{"line":65,"column":70}},{"start":{"line":65,"column":74},"end":{"line":65,"column":89}},{"start":{"line":65,"column":93},"end":{"line":65,"column":98}}],"line":65},"5":{"loc":{"start":{"line":72,"column":4},"end":{"line":72,"column":87}},"type":"if","locations":[{"start":{"line":72,"column":4},"end":{"line":72,"column":87}},{"start":{},"end":{}}],"line":72},"6":{"loc":{"start":{"line":100,"column":2},"end":{"line":102,"column":3}},"type":"if","locations":[{"start":{"line":100,"column":2},"end":{"line":102,"column":3}},{"start":{},"end":{}}],"line":100},"7":{"loc":{"start":{"line":107,"column":4},"end":{"line":109,"column":5}},"type":"if","locations":[{"start":{"line":107,"column":4},"end":{"line":109,"column":5}},{"start":{},"end":{}}],"line":107},"8":{"loc":{"start":{"line":113,"column":4},"end":{"line":115,"column":5}},"type":"if","locations":[{"start":{"line":113,"column":4},"end":{"line":115,"column":5}},{"start":{},"end":{}}],"line":113},"9":{"loc":{"start":{"line":119,"column":4},"end":{"line":121,"column":5}},"type":"if","locations":[{"start":{"line":119,"column":4},"end":{"line":121,"column":5}},{"start":{},"end":{}}],"line":119},"10":{"loc":{"start":{"line":151,"column":4},"end":{"line":153,"column":5}},"type":"if","locations":[{"start":{"line":151,"column":4},"end":{"line":153,"column":5}},{"start":{},"end":{}}],"line":151}},"s":{"0":1,"1":0,"2":0,"3":0,"4":0,"5":0,"6":1,"7":4,"8":4,"9":1,"10":3,"11":3,"12":2,"13":1,"14":1,"15":1,"16":1,"17":1,"18":1,"19":1,"20":1,"21":1,"22":1,"23":1,"24":0,"25":0,"26":0,"27":0,"28":0,"29":0,"30":0,"31":0,"32":0,"33":0,"34":0,"35":0,"36":0,"37":0,"38":0,"39":0,"40":0,"41":1,"42":0,"43":0,"44":0,"45":0,"46":0,"47":0,"48":0,"49":0,"50":0,"51":0,"52":0,"53":0,"54":0,"55":0,"56":0,"57":0,"58":0,"59":0,"60":0,"61":0,"62":1,"63":0,"64":0,"65":0,"66":0,"67":0,"68":0,"69":0,"70":0},"f":{"0":0,"1":4,"2":0,"3":0,"4":0},"b":{"0":[1,3],"1":[4,3,3,3,3,3],"2":[1,1],"3":[0,0],"4":[0,0,0,0,0,0],"5":[0,0],"6":[0,0],"7":[0,0],"8":[0,0],"9":[0,0],"10":[0,0]},"_coverageSchema":"1a1c01bbd47fc00a2c39e90264f33305004495a9","hash":"08d6b7729dd0ee349c2da84375cc744a98ad6661"}
,"D:\\GIT\\Zoonix\\clinvet-api\\backend\\controllers\\funcionariosController.js": {"path":"D:\\GIT\\Zoonix\\clinvet-api\\backend\\controllers\\funcionariosController.js","statementMap":{"0":{"start":{"line":4,"column":34},"end":{"line":15,"column":1}},"1":{"start":{"line":5,"column":2},"end":{"line":14,"column":3}},"2":{"start":{"line":6,"column":22},"end":{"line":10,"column":8}},"3":{"start":{"line":11,"column":4},"end":{"line":11,"column":22}},"4":{"start":{"line":13,"column":4},"end":{"line":13,"column":57}},"5":{"start":{"line":17,"column":36},"end":{"line":99,"column":3}},"6":{"start":{"line":19,"column":57},"end":{"line":19,"column":65}},"7":{"start":{"line":21,"column":4},"end":{"line":23,"column":5}},"8":{"start":{"line":22,"column":8},"end":{"line":22,"column":78}},"9":{"start":{"line":24,"column":4},"end":{"line":24,"column":42}},"10":{"start":{"line":26,"column":4},"end":{"line":98,"column":5}},"11":{"start":{"line":28,"column":27},"end":{"line":31,"column":5}},"12":{"start":{"line":32,"column":4},"end":{"line":34,"column":5}},"13":{"start":{"line":33,"column":6},"end":{"line":33,"column":56}},"14":{"start":{"line":37,"column":40},"end":{"line":40,"column":5}},"15":{"start":{"line":43,"column":43},"end":{"line":46,"column":5}},"16":{"start":{"line":48,"column":4},"end":{"line":50,"column":5}},"17":{"start":{"line":49,"column":6},"end":{"line":49,"column":61}},"18":{"start":{"line":53,"column":6},"end":{"line":53,"column":34}},"19":{"start":{"line":55,"column":33},"end":{"line":55,"column":61}},"20":{"start":{"line":57,"column":23},"end":{"line":60,"column":7}},"21":{"start":{"line":62,"column":6},"end":{"line":83,"column":7}},"22":{"start":{"line":63,"column":38},"end":{"line":63,"column":46}},"23":{"start":{"line":64,"column":8},"end":{"line":67,"column":9}},"24":{"start":{"line":65,"column":10},"end":{"line":65,"column":30}},"25":{"start":{"line":66,"column":10},"end":{"line":66,"column":98}},"26":{"start":{"line":69,"column":32},"end":{"line":72,"column":9}},"27":{"start":{"line":74,"column":8},"end":{"line":77,"column":9}},"28":{"start":{"line":75,"column":10},"end":{"line":75,"column":30}},"29":{"start":{"line":76,"column":10},"end":{"line":76,"column":61}},"30":{"start":{"line":79,"column":8},"end":{"line":82,"column":10}},"31":{"start":{"line":85,"column":6},"end":{"line":90,"column":7}},"32":{"start":{"line":86,"column":8},"end":{"line":89,"column":10}},"33":{"start":{"line":91,"column":6},"end":{"line":91,"column":24}},"34":{"start":{"line":92,"column":6},"end":{"line":92,"column":66}},"35":{"start":{"line":95,"column":6},"end":{"line":95,"column":26}},"36":{"start":{"line":96,"column":6},"end":{"line":96,"column":59}},"37":{"start":{"line":97,"column":6},"end":{"line":97,"column":76}},"38":{"start":{"line":102,"column":38},"end":{"line":240,"column":3}},"39":{"start":{"line":103,"column":19},"end":{"line":103,"column":29}},"40":{"start":{"line":104,"column":2},"end":{"line":104,"column":51}},"41":{"start":{"line":105,"column":78},"end":{"line":105,"column":86}},"42":{"start":{"line":107,"column":4},"end":{"line":109,"column":5}},"43":{"start":{"line":108,"column":6},"end":{"line":108,"column":76}},"44":{"start":{"line":111,"column":4},"end":{"line":239,"column":5}},"45":{"start":{"line":113,"column":27},"end":{"line":116,"column":5}},"46":{"start":{"line":117,"column":4},"end":{"line":119,"column":5}},"47":{"start":{"line":118,"column":6},"end":{"line":118,"column":56}},"48":{"start":{"line":122,"column":40},"end":{"line":125,"column":5}},"49":{"start":{"line":127,"column":43},"end":{"line":130,"column":5}},"50":{"start":{"line":132,"column":4},"end":{"line":134,"column":5}},"51":{"start":{"line":133,"column":6},"end":{"line":133,"column":61}},"52":{"start":{"line":136,"column":6},"end":{"line":136,"column":34}},"53":{"start":{"line":139,"column":20},"end":{"line":141,"column":7}},"54":{"start":{"line":143,"column":6},"end":{"line":146,"column":7}},"55":{"start":{"line":144,"column":8},"end":{"line":144,"column":28}},"56":{"start":{"line":145,"column":8},"end":{"line":145,"column":67}},"57":{"start":{"line":148,"column":26},"end":{"line":148,"column":39}},"58":{"start":{"line":149,"column":33},"end":{"line":149,"column":61}},"59":{"start":{"line":152,"column":24},"end":{"line":152,"column":103}},"60":{"start":{"line":153,"column":19},"end":{"line":153,"column":54}},"61":{"start":{"line":155,"column":6},"end":{"line":159,"column":7}},"62":{"start":{"line":156,"column":35},"end":{"line":156,"column":63}},"63":{"start":{"line":157,"column":8},"end":{"line":157,"column":37}},"64":{"start":{"line":158,"column":8},"end":{"line":158,"column":40}},"65":{"start":{"line":161,"column":6},"end":{"line":161,"column":37}},"66":{"start":{"line":162,"column":6},"end":{"line":162,"column":22}},"67":{"start":{"line":164,"column":6},"end":{"line":164,"column":42}},"68":{"start":{"line":166,"column":6},"end":{"line":178,"column":7}},"69":{"start":{"line":167,"column":8},"end":{"line":172,"column":9}},"70":{"start":{"line":168,"column":10},"end":{"line":171,"column":12}},"71":{"start":{"line":173,"column":8},"end":{"line":177,"column":9}},"72":{"start":{"line":174,"column":10},"end":{"line":176,"column":12}},"73":{"start":{"line":181,"column":6},"end":{"line":209,"column":7}},"74":{"start":{"line":182,"column":8},"end":{"line":185,"column":9}},"75":{"start":{"line":183,"column":10},"end":{"line":183,"column":30}},"76":{"start":{"line":184,"column":10},"end":{"line":184,"column":98}},"77":{"start":{"line":187,"column":21},"end":{"line":189,"column":9}},"78":{"start":{"line":191,"column":8},"end":{"line":202,"column":9}},"79":{"start":{"line":193,"column":10},"end":{"line":196,"column":12}},"80":{"start":{"line":198,"column":10},"end":{"line":201,"column":12}},"81":{"start":{"line":206,"column":8},"end":{"line":208,"column":10}},"82":{"start":{"line":212,"column":6},"end":{"line":231,"column":7}},"83":{"start":{"line":214,"column":21},"end":{"line":216,"column":9}},"84":{"start":{"line":219,"column":8},"end":{"line":224,"column":9}},"85":{"start":{"line":220,"column":10},"end":{"line":223,"column":12}},"86":{"start":{"line":227,"column":8},"end":{"line":230,"column":10}},"87":{"start":{"line":233,"column":6},"end":{"line":233,"column":24}},"88":{"start":{"line":234,"column":6},"end":{"line":234,"column":54}},"89":{"start":{"line":236,"column":6},"end":{"line":236,"column":26}},"90":{"start":{"line":237,"column":6},"end":{"line":237,"column":59}},"91":{"start":{"line":238,"column":6},"end":{"line":238,"column":61}},"92":{"start":{"line":242,"column":34},"end":{"line":262,"column":1}},"93":{"start":{"line":243,"column":17},"end":{"line":243,"column":27}},"94":{"start":{"line":245,"column":2},"end":{"line":261,"column":3}},"95":{"start":{"line":247,"column":27},"end":{"line":250,"column":5}},"96":{"start":{"line":251,"column":4},"end":{"line":253,"column":5}},"97":{"start":{"line":252,"column":6},"end":{"line":252,"column":99}},"98":{"start":{"line":255,"column":21},"end":{"line":255,"column":82}},"99":{"start":{"line":256,"column":4},"end":{"line":256,"column":94}},"100":{"start":{"line":256,"column":35},"end":{"line":256,"column":94}},"101":{"start":{"line":257,"column":4},"end":{"line":257,"column":50}},"102":{"start":{"line":259,"column":4},"end":{"line":259,"column":55}},"103":{"start":{"line":260,"column":4},"end":{"line":260,"column":57}},"104":{"start":{"line":264,"column":38},"end":{"line":282,"column":1}},"105":{"start":{"line":265,"column":17},"end":{"line":265,"column":27}},"106":{"start":{"line":267,"column":14},"end":{"line":272,"column":3}},"107":{"start":{"line":274,"column":2},"end":{"line":281,"column":3}},"108":{"start":{"line":275,"column":22},"end":{"line":275,"column":47}},"109":{"start":{"line":276,"column":4},"end":{"line":276,"column":89}},"110":{"start":{"line":276,"column":30},"end":{"line":276,"column":89}},"111":{"start":{"line":277,"column":4},"end":{"line":277,"column":25}},"112":{"start":{"line":279,"column":4},"end":{"line":279,"column":54}},"113":{"start":{"line":280,"column":4},"end":{"line":280,"column":56}},"114":{"start":{"line":284,"column":34},"end":{"line":295,"column":1}},"115":{"start":{"line":285,"column":2},"end":{"line":294,"column":3}},"116":{"start":{"line":286,"column":19},"end":{"line":290,"column":6}},"117":{"start":{"line":291,"column":4},"end":{"line":291,"column":19}},"118":{"start":{"line":293,"column":4},"end":{"line":293,"column":57}}},"fnMap":{"0":{"name":"(anonymous_0)","decl":{"start":{"line":4,"column":34},"end":{"line":4,"column":35}},"loc":{"start":{"line":4,"column":54},"end":{"line":15,"column":1}},"line":4},"1":{"name":"(anonymous_1)","decl":{"start":{"line":17,"column":36},"end":{"line":17,"column":37}},"loc":{"start":{"line":17,"column":56},"end":{"line":99,"column":3}},"line":17},"2":{"name":"(anonymous_2)","decl":{"start":{"line":102,"column":38},"end":{"line":102,"column":39}},"loc":{"start":{"line":102,"column":58},"end":{"line":240,"column":3}},"line":102},"3":{"name":"(anonymous_3)","decl":{"start":{"line":242,"column":34},"end":{"line":242,"column":35}},"loc":{"start":{"line":242,"column":54},"end":{"line":262,"column":1}},"line":242},"4":{"name":"(anonymous_4)","decl":{"start":{"line":264,"column":38},"end":{"line":264,"column":39}},"loc":{"start":{"line":264,"column":58},"end":{"line":282,"column":1}},"line":264},"5":{"name":"(anonymous_5)","decl":{"start":{"line":284,"column":34},"end":{"line":284,"column":35}},"loc":{"start":{"line":284,"column":54},"end":{"line":295,"column":1}},"line":284}},"branchMap":{"0":{"loc":{"start":{"line":21,"column":4},"end":{"line":23,"column":5}},"type":"if","locations":[{"start":{"line":21,"column":4},"end":{"line":23,"column":5}},{"start":{},"end":{}}],"line":21},"1":{"loc":{"start":{"line":21,"column":8},"end":{"line":21,"column":64}},"type":"binary-expr","locations":[{"start":{"line":21,"column":8},"end":{"line":21,"column":13}},{"start":{"line":21,"column":17},"end":{"line":21,"column":21}},{"start":{"line":21,"column":25},"end":{"line":21,"column":31}},{"start":{"line":21,"column":35},"end":{"line":21,"column":44}},{"start":{"line":21,"column":48},"end":{"line":21,"column":54}},{"start":{"line":21,"column":58},"end":{"line":21,"column":64}}],"line":21},"2":{"loc":{"start":{"line":32,"column":4},"end":{"line":34,"column":5}},"type":"if","locations":[{"start":{"line":32,"column":4},"end":{"line":34,"column":5}},{"start":{},"end":{}}],"line":32},"3":{"loc":{"start":{"line":48,"column":4},"end":{"line":50,"column":5}},"type":"if","locations":[{"start":{"line":48,"column":4},"end":{"line":50,"column":5}},{"start":{},"end":{}}],"line":48},"4":{"loc":{"start":{"line":48,"column":8},"end":{"line":48,"column":87}},"type":"binary-expr","locations":[{"start":{"line":48,"column":8},"end":{"line":48,"column":44}},{"start":{"line":48,"column":48},"end":{"line":48,"column":87}}],"line":48},"5":{"loc":{"start":{"line":62,"column":6},"end":{"line":83,"column":7}},"type":"if","locations":[{"start":{"line":62,"column":6},"end":{"line":83,"column":7}},{"start":{},"end":{}}],"line":62},"6":{"loc":{"start":{"line":64,"column":8},"end":{"line":67,"column":9}},"type":"if","locations":[{"start":{"line":64,"column":8},"end":{"line":67,"column":9}},{"start":{},"end":{}}],"line":64},"7":{"loc":{"start":{"line":64,"column":12},"end":{"line":64,"column":35}},"type":"binary-expr","locations":[{"start":{"line":64,"column":12},"end":{"line":64,"column":17}},{"start":{"line":64,"column":21},"end":{"line":64,"column":35}}],"line":64},"8":{"loc":{"start":{"line":74,"column":8},"end":{"line":77,"column":9}},"type":"if","locations":[{"start":{"line":74,"column":8},"end":{"line":77,"column":9}},{"start":{},"end":{}}],"line":74},"9":{"loc":{"start":{"line":85,"column":6},"end":{"line":90,"column":7}},"type":"if","locations":[{"start":{"line":85,"column":6},"end":{"line":90,"column":7}},{"start":{},"end":{}}],"line":85},"10":{"loc":{"start":{"line":107,"column":4},"end":{"line":109,"column":5}},"type":"if","locations":[{"start":{"line":107,"column":4},"end":{"line":109,"column":5}},{"start":{},"end":{}}],"line":107},"11":{"loc":{"start":{"line":107,"column":8},"end":{"line":107,"column":54}},"type":"binary-expr","locations":[{"start":{"line":107,"column":8},"end":{"line":107,"column":13}},{"start":{"line":107,"column":17},"end":{"line":107,"column":21}},{"start":{"line":107,"column":25},"end":{"line":107,"column":31}},{"start":{"line":107,"column":35},"end":{"line":107,"column":44}},{"start":{"line":107,"column":48},"end":{"line":107,"column":54}}],"line":107},"12":{"loc":{"start":{"line":117,"column":4},"end":{"line":119,"column":5}},"type":"if","locations":[{"start":{"line":117,"column":4},"end":{"line":119,"column":5}},{"start":{},"end":{}}],"line":117},"13":{"loc":{"start":{"line":132,"column":4},"end":{"line":134,"column":5}},"type":"if","locations":[{"start":{"line":132,"column":4},"end":{"line":134,"column":5}},{"start":{},"end":{}}],"line":132},"14":{"loc":{"start":{"line":132,"column":8},"end":{"line":132,"column":87}},"type":"binary-expr","locations":[{"start":{"line":132,"column":8},"end":{"line":132,"column":44}},{"start":{"line":132,"column":48},"end":{"line":132,"column":87}}],"line":132},"15":{"loc":{"start":{"line":143,"column":6},"end":{"line":146,"column":7}},"type":"if","locations":[{"start":{"line":143,"column":6},"end":{"line":146,"column":7}},{"start":{},"end":{}}],"line":143},"16":{"loc":{"start":{"line":155,"column":6},"end":{"line":159,"column":7}},"type":"if","locations":[{"start":{"line":155,"column":6},"end":{"line":159,"column":7}},{"start":{},"end":{}}],"line":155},"17":{"loc":{"start":{"line":155,"column":10},"end":{"line":155,"column":38}},"type":"binary-expr","locations":[{"start":{"line":155,"column":10},"end":{"line":155,"column":15}},{"start":{"line":155,"column":19},"end":{"line":155,"column":38}}],"line":155},"18":{"loc":{"start":{"line":166,"column":6},"end":{"line":178,"column":7}},"type":"if","locations":[{"start":{"line":166,"column":6},"end":{"line":178,"column":7}},{"start":{},"end":{}}],"line":166},"19":{"loc":{"start":{"line":167,"column":8},"end":{"line":172,"column":9}},"type":"if","locations":[{"start":{"line":167,"column":8},"end":{"line":172,"column":9}},{"start":{},"end":{}}],"line":167},"20":{"loc":{"start":{"line":173,"column":8},"end":{"line":177,"column":9}},"type":"if","locations":[{"start":{"line":173,"column":8},"end":{"line":177,"column":9}},{"start":{},"end":{}}],"line":173},"21":{"loc":{"start":{"line":181,"column":6},"end":{"line":209,"column":7}},"type":"if","locations":[{"start":{"line":181,"column":6},"end":{"line":209,"column":7}},{"start":{"line":204,"column":13},"end":{"line":209,"column":7}}],"line":181},"22":{"loc":{"start":{"line":182,"column":8},"end":{"line":185,"column":9}},"type":"if","locations":[{"start":{"line":182,"column":8},"end":{"line":185,"column":9}},{"start":{},"end":{}}],"line":182},"23":{"loc":{"start":{"line":182,"column":11},"end":{"line":182,"column":34}},"type":"binary-expr","locations":[{"start":{"line":182,"column":11},"end":{"line":182,"column":16}},{"start":{"line":182,"column":20},"end":{"line":182,"column":34}}],"line":182},"24":{"loc":{"start":{"line":191,"column":8},"end":{"line":202,"column":9}},"type":"if","locations":[{"start":{"line":191,"column":8},"end":{"line":202,"column":9}},{"start":{"line":197,"column":15},"end":{"line":202,"column":9}}],"line":191},"25":{"loc":{"start":{"line":212,"column":6},"end":{"line":231,"column":7}},"type":"if","locations":[{"start":{"line":212,"column":6},"end":{"line":231,"column":7}},{"start":{"line":225,"column":13},"end":{"line":231,"column":7}}],"line":212},"26":{"loc":{"start":{"line":219,"column":8},"end":{"line":224,"column":9}},"type":"if","locations":[{"start":{"line":219,"column":8},"end":{"line":224,"column":9}},{"start":{},"end":{}}],"line":219},"27":{"loc":{"start":{"line":251,"column":4},"end":{"line":253,"column":5}},"type":"if","locations":[{"start":{"line":251,"column":4},"end":{"line":253,"column":5}},{"start":{},"end":{}}],"line":251},"28":{"loc":{"start":{"line":256,"column":4},"end":{"line":256,"column":94}},"type":"if","locations":[{"start":{"line":256,"column":4},"end":{"line":256,"column":94}},{"start":{},"end":{}}],"line":256},"29":{"loc":{"start":{"line":276,"column":4},"end":{"line":276,"column":89}},"type":"if","locations":[{"start":{"line":276,"column":4},"end":{"line":276,"column":89}},{"start":{},"end":{}}],"line":276}},"s":{"0":1,"1":0,"2":0,"3":0,"4":0,"5":1,"6":4,"7":4,"8":1,"9":3,"10":3,"11":3,"12":3,"13":1,"14":2,"15":2,"16":2,"17":1,"18":1,"19":1,"20":1,"21":1,"22":0,"23":0,"24":0,"25":0,"26":0,"27":0,"28":0,"29":0,"30":0,"31":1,"32":1,"33":1,"34":1,"35":0,"36":0,"37":0,"38":1,"39":0,"40":0,"41":0,"42":0,"43":0,"44":0,"45":0,"46":0,"47":0,"48":0,"49":0,"50":0,"51":0,"52":0,"53":0,"54":0,"55":0,"56":0,"57":0,"58":0,"59":0,"60":0,"61":0,"62":0,"63":0,"64":0,"65":0,"66":0,"67":0,"68":0,"69":0,"70":0,"71":0,"72":0,"73":0,"74":0,"75":0,"76":0,"77":0,"78":0,"79":0,"80":0,"81":0,"82":0,"83":0,"84":0,"85":0,"86":0,"87":0,"88":0,"89":0,"90":0,"91":0,"92":1,"93":0,"94":0,"95":0,"96":0,"97":0,"98":0,"99":0,"100":0,"101":0,"102":0,"103":0,"104":1,"105":0,"106":0,"107":0,"108":0,"109":0,"110":0,"111":0,"112":0,"113":0,"114":1,"115":0,"116":0,"117":0,"118":0},"f":{"0":0,"1":4,"2":0,"3":0,"4":0,"5":0},"b":{"0":[1,3],"1":[4,3,3,3,3,3],"2":[1,2],"3":[1,1],"4":[2,1],"5":[0,1],"6":[0,0],"7":[0,0],"8":[0,0],"9":[1,0],"10":[0,0],"11":[0,0,0,0,0],"12":[0,0],"13":[0,0],"14":[0,0],"15":[0,0],"16":[0,0],"17":[0,0],"18":[0,0],"19":[0,0],"20":[0,0],"21":[0,0],"22":[0,0],"23":[0,0],"24":[0,0],"25":[0,0],"26":[0,0],"27":[0,0],"28":[0,0],"29":[0,0]},"_coverageSchema":"1a1c01bbd47fc00a2c39e90264f33305004495a9","hash":"58a12ab226e4e1765414a0062984b83c16922ef7"}
,"D:\\GIT\\Zoonix\\clinvet-api\\backend\\controllers\\loginController.js": {"path":"D:\\GIT\\Zoonix\\clinvet-api\\backend\\controllers\\loginController.js","statementMap":{"0":{"start":{"line":5,"column":15},"end":{"line":5,"column":37}},"1":{"start":{"line":8,"column":39},"end":{"line":21,"column":1}},"2":{"start":{"line":9,"column":2},"end":{"line":20,"column":3}},"3":{"start":{"line":10,"column":32},"end":{"line":10,"column":78}},"4":{"start":{"line":12,"column":4},"end":{"line":16,"column":5}},"5":{"start":{"line":13,"column":6},"end":{"line":13,"column":126}},"6":{"start":{"line":15,"column":6},"end":{"line":15,"column":49}},"7":{"start":{"line":18,"column":4},"end":{"line":18,"column":24}},"8":{"start":{"line":19,"column":4},"end":{"line":19,"column":74}},"9":{"start":{"line":26,"column":30},"end":{"line":26,"column":76}},"10":{"start":{"line":28,"column":2},"end":{"line":53,"column":3}},"11":{"start":{"line":29,"column":17},"end":{"line":29,"column":51}},"12":{"start":{"line":30,"column":18},"end":{"line":30,"column":33}},"13":{"start":{"line":32,"column":4},"end":{"line":52,"column":5}},"14":{"start":{"line":33,"column":26},"end":{"line":36,"column":7}},"15":{"start":{"line":37,"column":6},"end":{"line":37,"column":66}},"16":{"start":{"line":39,"column":21},"end":{"line":39,"column":39}},"17":{"start":{"line":40,"column":6},"end":{"line":40,"column":47}},"18":{"start":{"line":42,"column":6},"end":{"line":45,"column":8}},"19":{"start":{"line":46,"column":6},"end":{"line":46,"column":63}},"20":{"start":{"line":48,"column":6},"end":{"line":48,"column":18}},"21":{"start":{"line":50,"column":6},"end":{"line":50,"column":57}},"22":{"start":{"line":51,"column":6},"end":{"line":51,"column":19}},"23":{"start":{"line":54,"column":2},"end":{"line":54,"column":15}},"24":{"start":{"line":58,"column":24},"end":{"line":58,"column":26}},"25":{"start":{"line":59,"column":26},"end":{"line":59,"column":39}},"26":{"start":{"line":63,"column":2},"end":{"line":63,"column":85}},"27":{"start":{"line":63,"column":29},"end":{"line":63,"column":85}},"28":{"start":{"line":64,"column":2},"end":{"line":64,"column":34}},"29":{"start":{"line":66,"column":2},"end":{"line":69,"column":3}},"30":{"start":{"line":67,"column":4},"end":{"line":67,"column":71}},"31":{"start":{"line":68,"column":4},"end":{"line":68,"column":110}},"32":{"start":{"line":70,"column":2},"end":{"line":70,"column":44}},"33":{"start":{"line":73,"column":21},"end":{"line":184,"column":1}},"34":{"start":{"line":74,"column":25},"end":{"line":74,"column":33}},"35":{"start":{"line":77,"column":19},"end":{"line":77,"column":39}},"36":{"start":{"line":78,"column":2},"end":{"line":81,"column":3}},"37":{"start":{"line":79,"column":26},"end":{"line":79,"column":80}},"38":{"start":{"line":80,"column":4},"end":{"line":80,"column":112}},"39":{"start":{"line":83,"column":2},"end":{"line":183,"column":3}},"40":{"start":{"line":85,"column":32},"end":{"line":85,"column":78}},"41":{"start":{"line":87,"column":4},"end":{"line":93,"column":5}},"42":{"start":{"line":88,"column":6},"end":{"line":92,"column":7}},"43":{"start":{"line":89,"column":8},"end":{"line":91,"column":11}},"44":{"start":{"line":96,"column":24},"end":{"line":96,"column":52}},"45":{"start":{"line":98,"column":4},"end":{"line":128,"column":5}},"46":{"start":{"line":100,"column":25},"end":{"line":103,"column":7}},"47":{"start":{"line":104,"column":22},"end":{"line":104,"column":33}},"48":{"start":{"line":107,"column":20},"end":{"line":116,"column":7}},"49":{"start":{"line":119,"column":6},"end":{"line":127,"column":9}},"50":{"start":{"line":131,"column":23},"end":{"line":134,"column":5}},"51":{"start":{"line":136,"column":4},"end":{"line":138,"column":5}},"52":{"start":{"line":137,"column":6},"end":{"line":137,"column":64}},"53":{"start":{"line":140,"column":20},"end":{"line":140,"column":31}},"54":{"start":{"line":141,"column":25},"end":{"line":141,"column":67}},"55":{"start":{"line":143,"column":4},"end":{"line":145,"column":5}},"56":{"start":{"line":144,"column":6},"end":{"line":144,"column":61}},"57":{"start":{"line":147,"column":21},"end":{"line":150,"column":5}},"58":{"start":{"line":152,"column":24},"end":{"line":154,"column":92}},"59":{"start":{"line":156,"column":18},"end":{"line":165,"column":5}},"60":{"start":{"line":168,"column":4},"end":{"line":168,"column":58}},"61":{"start":{"line":168,"column":30},"end":{"line":168,"column":58}},"62":{"start":{"line":170,"column":4},"end":{"line":178,"column":7}},"63":{"start":{"line":182,"column":4},"end":{"line":182,"column":75}}},"fnMap":{"0":{"name":"(anonymous_0)","decl":{"start":{"line":8,"column":39},"end":{"line":8,"column":40}},"loc":{"start":{"line":8,"column":59},"end":{"line":21,"column":1}},"line":8},"1":{"name":"criarAdminInicial","decl":{"start":{"line":25,"column":15},"end":{"line":25,"column":32}},"loc":{"start":{"line":25,"column":64},"end":{"line":55,"column":1}},"line":25},"2":{"name":"registrarTentativa","decl":{"start":{"line":62,"column":9},"end":{"line":62,"column":27}},"loc":{"start":{"line":62,"column":77},"end":{"line":71,"column":1}},"line":62},"3":{"name":"(anonymous_3)","decl":{"start":{"line":73,"column":21},"end":{"line":73,"column":22}},"loc":{"start":{"line":73,"column":41},"end":{"line":184,"column":1}},"line":73}},"branchMap":{"0":{"loc":{"start":{"line":12,"column":4},"end":{"line":16,"column":5}},"type":"if","locations":[{"start":{"line":12,"column":4},"end":{"line":16,"column":5}},{"start":{"line":14,"column":11},"end":{"line":16,"column":5}}],"line":12},"1":{"loc":{"start":{"line":25,"column":38},"end":{"line":25,"column":62}},"type":"default-arg","locations":[{"start":{"line":25,"column":52},"end":{"line":25,"column":62}}],"line":25},"2":{"loc":{"start":{"line":28,"column":2},"end":{"line":53,"column":3}},"type":"if","locations":[{"start":{"line":28,"column":2},"end":{"line":53,"column":3}},{"start":{},"end":{}}],"line":28},"3":{"loc":{"start":{"line":62,"column":38},"end":{"line":62,"column":75}},"type":"default-arg","locations":[{"start":{"line":62,"column":49},"end":{"line":62,"column":75}}],"line":62},"4":{"loc":{"start":{"line":63,"column":2},"end":{"line":63,"column":85}},"type":"if","locations":[{"start":{"line":63,"column":2},"end":{"line":63,"column":85}},{"start":{},"end":{}}],"line":63},"5":{"loc":{"start":{"line":66,"column":2},"end":{"line":69,"column":3}},"type":"if","locations":[{"start":{"line":66,"column":2},"end":{"line":69,"column":3}},{"start":{},"end":{}}],"line":66},"6":{"loc":{"start":{"line":78,"column":2},"end":{"line":81,"column":3}},"type":"if","locations":[{"start":{"line":78,"column":2},"end":{"line":81,"column":3}},{"start":{},"end":{}}],"line":78},"7":{"loc":{"start":{"line":78,"column":6},"end":{"line":78,"column":77}},"type":"binary-expr","locations":[{"start":{"line":78,"column":6},"end":{"line":78,"column":14}},{"start":{"line":78,"column":18},"end":{"line":78,"column":39}},{"start":{"line":78,"column":43},"end":{"line":78,"column":77}}],"line":78},"8":{"loc":{"start":{"line":87,"column":4},"end":{"line":93,"column":5}},"type":"if","locations":[{"start":{"line":87,"column":4},"end":{"line":93,"column":5}},{"start":{},"end":{}}],"line":87},"9":{"loc":{"start":{"line":88,"column":6},"end":{"line":92,"column":7}},"type":"if","locations":[{"start":{"line":88,"column":6},"end":{"line":92,"column":7}},{"start":{},"end":{}}],"line":88},"10":{"loc":{"start":{"line":98,"column":4},"end":{"line":128,"column":5}},"type":"if","locations":[{"start":{"line":98,"column":4},"end":{"line":128,"column":5}},{"start":{},"end":{}}],"line":98},"11":{"loc":{"start":{"line":136,"column":4},"end":{"line":138,"column":5}},"type":"if","locations":[{"start":{"line":136,"column":4},"end":{"line":138,"column":5}},{"start":{},"end":{}}],"line":136},"12":{"loc":{"start":{"line":143,"column":4},"end":{"line":145,"column":5}},"type":"if","locations":[{"start":{"line":143,"column":4},"end":{"line":145,"column":5}},{"start":{},"end":{}}],"line":143},"13":{"loc":{"start":{"line":152,"column":24},"end":{"line":154,"column":92}},"type":"cond-expr","locations":[{"start":{"line":153,"column":8},"end":{"line":153,"column":23}},{"start":{"line":154,"column":8},"end":{"line":154,"column":92}}],"line":152},"14":{"loc":{"start":{"line":154,"column":9},"end":{"line":154,"column":28}},"type":"binary-expr","locations":[{"start":{"line":154,"column":9},"end":{"line":154,"column":22}},{"start":{"line":154,"column":26},"end":{"line":154,"column":28}}],"line":154},"15":{"loc":{"start":{"line":168,"column":4},"end":{"line":168,"column":58}},"type":"if","locations":[{"start":{"line":168,"column":4},"end":{"line":168,"column":58}},{"start":{},"end":{}}],"line":168}},"s":{"0":0,"1":0,"2":0,"3":0,"4":0,"5":0,"6":0,"7":0,"8":0,"9":0,"10":0,"11":0,"12":0,"13":0,"14":0,"15":0,"16":0,"17":0,"18":0,"19":0,"20":0,"21":0,"22":0,"23":0,"24":0,"25":0,"26":0,"27":0,"28":0,"29":0,"30":0,"31":0,"32":0,"33":0,"34":0,"35":0,"36":0,"37":0,"38":0,"39":0,"40":0,"41":0,"42":0,"43":0,"44":0,"45":0,"46":0,"47":0,"48":0,"49":0,"50":0,"51":0,"52":0,"53":0,"54":0,"55":0,"56":0,"57":0,"58":0,"59":0,"60":0,"61":0,"62":0,"63":0},"f":{"0":0,"1":0,"2":0,"3":0},"b":{"0":[0,0],"1":[0],"2":[0,0],"3":[0],"4":[0,0],"5":[0,0],"6":[0,0],"7":[0,0,0],"8":[0,0],"9":[0,0],"10":[0,0],"11":[0,0],"12":[0,0],"13":[0,0],"14":[0,0],"15":[0,0]}}
,"D:\\GIT\\Zoonix\\clinvet-api\\backend\\controllers\\pacientesController.js": {"path":"D:\\GIT\\Zoonix\\clinvet-api\\backend\\controllers\\pacientesController.js","statementMap":{"0":{"start":{"line":3,"column":31},"end":{"line":10,"column":1}},"1":{"start":{"line":4,"column":2},"end":{"line":9,"column":3}},"2":{"start":{"line":5,"column":22},"end":{"line":5,"column":63}},"3":{"start":{"line":6,"column":4},"end":{"line":6,"column":22}},"4":{"start":{"line":8,"column":4},"end":{"line":8,"column":54}},"5":{"start":{"line":12,"column":33},"end":{"line":46,"column":1}},"6":{"start":{"line":13,"column":70},"end":{"line":13,"column":78}},"7":{"start":{"line":15,"column":2},"end":{"line":17,"column":3}},"8":{"start":{"line":16,"column":4},"end":{"line":16,"column":74}},"9":{"start":{"line":20,"column":14},"end":{"line":23,"column":3}},"10":{"start":{"line":24,"column":17},"end":{"line":24,"column":74}},"11":{"start":{"line":26,"column":2},"end":{"line":45,"column":3}},"12":{"start":{"line":27,"column":40},"end":{"line":30,"column":5}},"13":{"start":{"line":33,"column":43},"end":{"line":36,"column":5}},"14":{"start":{"line":38,"column":4},"end":{"line":40,"column":5}},"15":{"start":{"line":39,"column":6},"end":{"line":39,"column":60}},"16":{"start":{"line":41,"column":4},"end":{"line":41,"column":32}},"17":{"start":{"line":42,"column":4},"end":{"line":42,"column":61}},"18":{"start":{"line":44,"column":4},"end":{"line":44,"column":56}},"19":{"start":{"line":48,"column":33},"end":{"line":82,"column":1}},"20":{"start":{"line":49,"column":17},"end":{"line":49,"column":27}},"21":{"start":{"line":50,"column":70},"end":{"line":50,"column":78}},"22":{"start":{"line":52,"column":2},"end":{"line":81,"column":3}},"23":{"start":{"line":53,"column":40},"end":{"line":56,"column":5}},"24":{"start":{"line":59,"column":43},"end":{"line":62,"column":5}},"25":{"start":{"line":64,"column":4},"end":{"line":66,"column":5}},"26":{"start":{"line":65,"column":6},"end":{"line":65,"column":61}},"27":{"start":{"line":68,"column":16},"end":{"line":71,"column":5}},"28":{"start":{"line":72,"column":19},"end":{"line":72,"column":80}},"29":{"start":{"line":74,"column":21},"end":{"line":74,"column":48}},"30":{"start":{"line":75,"column":4},"end":{"line":75,"column":91}},"31":{"start":{"line":75,"column":35},"end":{"line":75,"column":91}},"32":{"start":{"line":77,"column":4},"end":{"line":77,"column":49}},"33":{"start":{"line":79,"column":4},"end":{"line":79,"column":54}},"34":{"start":{"line":80,"column":4},"end":{"line":80,"column":56}},"35":{"start":{"line":85,"column":31},"end":{"line":95,"column":1}},"36":{"start":{"line":86,"column":17},"end":{"line":86,"column":27}},"37":{"start":{"line":88,"column":2},"end":{"line":94,"column":3}},"38":{"start":{"line":89,"column":21},"end":{"line":89,"column":79}},"39":{"start":{"line":90,"column":4},"end":{"line":90,"column":91}},"40":{"start":{"line":90,"column":35},"end":{"line":90,"column":91}},"41":{"start":{"line":91,"column":4},"end":{"line":91,"column":47}},"42":{"start":{"line":93,"column":4},"end":{"line":93,"column":54}},"43":{"start":{"line":97,"column":35},"end":{"line":108,"column":1}},"44":{"start":{"line":98,"column":17},"end":{"line":98,"column":27}},"45":{"start":{"line":99,"column":14},"end":{"line":99,"column":52}},"46":{"start":{"line":101,"column":2},"end":{"line":107,"column":3}},"47":{"start":{"line":102,"column":22},"end":{"line":102,"column":47}},"48":{"start":{"line":103,"column":4},"end":{"line":103,"column":86}},"49":{"start":{"line":103,"column":30},"end":{"line":103,"column":86}},"50":{"start":{"line":104,"column":4},"end":{"line":104,"column":25}},"51":{"start":{"line":106,"column":4},"end":{"line":106,"column":53}}},"fnMap":{"0":{"name":"(anonymous_0)","decl":{"start":{"line":3,"column":31},"end":{"line":3,"column":32}},"loc":{"start":{"line":3,"column":51},"end":{"line":10,"column":1}},"line":3},"1":{"name":"(anonymous_1)","decl":{"start":{"line":12,"column":33},"end":{"line":12,"column":34}},"loc":{"start":{"line":12,"column":53},"end":{"line":46,"column":1}},"line":12},"2":{"name":"(anonymous_2)","decl":{"start":{"line":48,"column":33},"end":{"line":48,"column":34}},"loc":{"start":{"line":48,"column":53},"end":{"line":82,"column":1}},"line":48},"3":{"name":"(anonymous_3)","decl":{"start":{"line":85,"column":31},"end":{"line":85,"column":32}},"loc":{"start":{"line":85,"column":51},"end":{"line":95,"column":1}},"line":85},"4":{"name":"(anonymous_4)","decl":{"start":{"line":97,"column":35},"end":{"line":97,"column":36}},"loc":{"start":{"line":97,"column":55},"end":{"line":108,"column":1}},"line":97}},"branchMap":{"0":{"loc":{"start":{"line":15,"column":2},"end":{"line":17,"column":3}},"type":"if","locations":[{"start":{"line":15,"column":2},"end":{"line":17,"column":3}},{"start":{},"end":{}}],"line":15},"1":{"loc":{"start":{"line":15,"column":6},"end":{"line":15,"column":42}},"type":"binary-expr","locations":[{"start":{"line":15,"column":6},"end":{"line":15,"column":11}},{"start":{"line":15,"column":15},"end":{"line":15,"column":23}},{"start":{"line":15,"column":27},"end":{"line":15,"column":33}},{"start":{"line":15,"column":37},"end":{"line":15,"column":42}}],"line":15},"2":{"loc":{"start":{"line":38,"column":4},"end":{"line":40,"column":5}},"type":"if","locations":[{"start":{"line":38,"column":4},"end":{"line":40,"column":5}},{"start":{},"end":{}}],"line":38},"3":{"loc":{"start":{"line":38,"column":8},"end":{"line":38,"column":87}},"type":"binary-expr","locations":[{"start":{"line":38,"column":8},"end":{"line":38,"column":44}},{"start":{"line":38,"column":48},"end":{"line":38,"column":87}}],"line":38},"4":{"loc":{"start":{"line":64,"column":4},"end":{"line":66,"column":5}},"type":"if","locations":[{"start":{"line":64,"column":4},"end":{"line":66,"column":5}},{"start":{},"end":{}}],"line":64},"5":{"loc":{"start":{"line":64,"column":8},"end":{"line":64,"column":87}},"type":"binary-expr","locations":[{"start":{"line":64,"column":8},"end":{"line":64,"column":44}},{"start":{"line":64,"column":48},"end":{"line":64,"column":87}}],"line":64},"6":{"loc":{"start":{"line":75,"column":4},"end":{"line":75,"column":91}},"type":"if","locations":[{"start":{"line":75,"column":4},"end":{"line":75,"column":91}},{"start":{},"end":{}}],"line":75},"7":{"loc":{"start":{"line":90,"column":4},"end":{"line":90,"column":91}},"type":"if","locations":[{"start":{"line":90,"column":4},"end":{"line":90,"column":91}},{"start":{},"end":{}}],"line":90},"8":{"loc":{"start":{"line":103,"column":4},"end":{"line":103,"column":86}},"type":"if","locations":[{"start":{"line":103,"column":4},"end":{"line":103,"column":86}},{"start":{},"end":{}}],"line":103}},"s":{"0":1,"1":0,"2":0,"3":0,"4":0,"5":1,"6":4,"7":4,"8":3,"9":1,"10":1,"11":1,"12":1,"13":1,"14":1,"15":0,"16":1,"17":1,"18":0,"19":1,"20":1,"21":1,"22":1,"23":1,"24":1,"25":1,"26":0,"27":1,"28":1,"29":1,"30":1,"31":0,"32":1,"33":0,"34":0,"35":1,"36":2,"37":2,"38":2,"39":2,"40":1,"41":1,"42":0,"43":1,"44":0,"45":0,"46":0,"47":0,"48":0,"49":0,"50":0,"51":0},"f":{"0":0,"1":4,"2":1,"3":2,"4":0},"b":{"0":[3,1],"1":[4,2,1,1],"2":[0,1],"3":[1,1],"4":[0,1],"5":[1,1],"6":[0,1],"7":[1,1],"8":[0,0]},"_coverageSchema":"1a1c01bbd47fc00a2c39e90264f33305004495a9","hash":"45118dc8d582ca2ba5759883c6a68a2805afc085"}
}
