TN:
SF:controllers\atendimentosController.js
FN:3,(anonymous_0)
FN:27,(anonymous_1)
FN:61,(anonymous_2)
FN:96,(anonymous_3)
FN:137,(anonymous_4)
FNF:5
FNH:0
FNDA:0,(anonymous_0)
FNDA:0,(anonymous_1)
FNDA:0,(anonymous_2)
FNDA:0,(anonymous_3)
FNDA:0,(anonymous_4)
DA:3,0
DA:4,0
DA:5,0
DA:19,0
DA:21,0
DA:22,0
DA:27,0
DA:28,0
DA:30,0
DA:31,0
DA:34,0
DA:36,0
DA:37,0
DA:38,0
DA:42,0
DA:43,0
DA:44,0
DA:45,0
DA:47,0
DA:53,0
DA:55,0
DA:56,0
DA:61,0
DA:62,0
DA:63,0
DA:65,0
DA:66,0
DA:69,0
DA:71,0
DA:72,0
DA:73,0
DA:77,0
DA:78,0
DA:79,0
DA:80,0
DA:82,0
DA:88,0
DA:90,0
DA:91,0
DA:96,0
DA:97,0
DA:98,0
DA:100,0
DA:101,0
DA:104,0
DA:106,0
DA:107,0
DA:108,0
DA:112,0
DA:113,0
DA:114,0
DA:118,0
DA:119,0
DA:120,0
DA:122,0
DA:123,0
DA:125,0
DA:130,0
DA:132,0
DA:133,0
DA:137,0
DA:138,0
DA:140,0
DA:141,0
DA:151,0
DA:152,0
DA:155,0
DA:157,0
DA:158,0
LF:69
LH:0
BRDA:30,0,0,0
BRDA:30,0,1,0
BRDA:30,1,0,0
BRDA:30,1,1,0
BRDA:30,1,2,0
BRDA:30,1,3,0
BRDA:30,1,4,0
BRDA:30,1,5,0
BRDA:37,2,0,0
BRDA:37,2,1,0
BRDA:65,3,0,0
BRDA:65,3,1,0
BRDA:65,4,0,0
BRDA:65,4,1,0
BRDA:65,4,2,0
BRDA:65,4,3,0
BRDA:65,4,4,0
BRDA:65,4,5,0
BRDA:72,5,0,0
BRDA:72,5,1,0
BRDA:100,6,0,0
BRDA:100,6,1,0
BRDA:107,7,0,0
BRDA:107,7,1,0
BRDA:113,8,0,0
BRDA:113,8,1,0
BRDA:119,9,0,0
BRDA:119,9,1,0
BRDA:151,10,0,0
BRDA:151,10,1,0
BRF:30
BRH:0
end_of_record
TN:
SF:controllers\funcionariosController.js
FN:4,(anonymous_0)
FN:17,(anonymous_1)
FN:102,(anonymous_2)
FN:242,(anonymous_3)
FN:264,(anonymous_4)
FN:284,(anonymous_5)
FNF:6
FNH:1
FNDA:0,(anonymous_0)
FNDA:4,(anonymous_1)
FNDA:0,(anonymous_2)
FNDA:0,(anonymous_3)
FNDA:0,(anonymous_4)
FNDA:0,(anonymous_5)
DA:4,1
DA:5,0
DA:6,0
DA:11,0
DA:13,0
DA:17,1
DA:19,4
DA:21,4
DA:22,1
DA:24,3
DA:26,3
DA:28,3
DA:32,3
DA:33,1
DA:37,2
DA:43,2
DA:48,2
DA:49,1
DA:53,1
DA:55,1
DA:57,1
DA:62,1
DA:63,0
DA:64,0
DA:65,0
DA:66,0
DA:69,0
DA:74,0
DA:75,0
DA:76,0
DA:79,0
DA:85,1
DA:86,1
DA:91,1
DA:92,1
DA:95,0
DA:96,0
DA:97,0
DA:102,1
DA:103,0
DA:104,0
DA:105,0
DA:107,0
DA:108,0
DA:111,0
DA:113,0
DA:117,0
DA:118,0
DA:122,0
DA:127,0
DA:132,0
DA:133,0
DA:136,0
DA:139,0
DA:143,0
DA:144,0
DA:145,0
DA:148,0
DA:149,0
DA:152,0
DA:153,0
DA:155,0
DA:156,0
DA:157,0
DA:158,0
DA:161,0
DA:162,0
DA:164,0
DA:166,0
DA:167,0
DA:168,0
DA:173,0
DA:174,0
DA:181,0
DA:182,0
DA:183,0
DA:184,0
DA:187,0
DA:191,0
DA:193,0
DA:198,0
DA:206,0
DA:212,0
DA:214,0
DA:219,0
DA:220,0
DA:227,0
DA:233,0
DA:234,0
DA:236,0
DA:237,0
DA:238,0
DA:242,1
DA:243,0
DA:245,0
DA:247,0
DA:251,0
DA:252,0
DA:255,0
DA:256,0
DA:257,0
DA:259,0
DA:260,0
DA:264,1
DA:265,0
DA:267,0
DA:274,0
DA:275,0
DA:276,0
DA:277,0
DA:279,0
DA:280,0
DA:284,1
DA:285,0
DA:286,0
DA:291,0
DA:293,0
LF:117
LH:26
BRDA:21,0,0,1
BRDA:21,0,1,3
BRDA:21,1,0,4
BRDA:21,1,1,3
BRDA:21,1,2,3
BRDA:21,1,3,3
BRDA:21,1,4,3
BRDA:21,1,5,3
BRDA:32,2,0,1
BRDA:32,2,1,2
BRDA:48,3,0,1
BRDA:48,3,1,1
BRDA:48,4,0,2
BRDA:48,4,1,1
BRDA:62,5,0,0
BRDA:62,5,1,1
BRDA:64,6,0,0
BRDA:64,6,1,0
BRDA:64,7,0,0
BRDA:64,7,1,0
BRDA:74,8,0,0
BRDA:74,8,1,0
BRDA:85,9,0,1
BRDA:85,9,1,0
BRDA:107,10,0,0
BRDA:107,10,1,0
BRDA:107,11,0,0
BRDA:107,11,1,0
BRDA:107,11,2,0
BRDA:107,11,3,0
BRDA:107,11,4,0
BRDA:117,12,0,0
BRDA:117,12,1,0
BRDA:132,13,0,0
BRDA:132,13,1,0
BRDA:132,14,0,0
BRDA:132,14,1,0
BRDA:143,15,0,0
BRDA:143,15,1,0
BRDA:155,16,0,0
BRDA:155,16,1,0
BRDA:155,17,0,0
BRDA:155,17,1,0
BRDA:166,18,0,0
BRDA:166,18,1,0
BRDA:167,19,0,0
BRDA:167,19,1,0
BRDA:173,20,0,0
BRDA:173,20,1,0
BRDA:181,21,0,0
BRDA:181,21,1,0
BRDA:182,22,0,0
BRDA:182,22,1,0
BRDA:182,23,0,0
BRDA:182,23,1,0
BRDA:191,24,0,0
BRDA:191,24,1,0
BRDA:212,25,0,0
BRDA:212,25,1,0
BRDA:219,26,0,0
BRDA:219,26,1,0
BRDA:251,27,0,0
BRDA:251,27,1,0
BRDA:256,28,0,0
BRDA:256,28,1,0
BRDA:276,29,0,0
BRDA:276,29,1,0
BRF:67
BRH:16
end_of_record
TN:
SF:controllers\loginController.js
FN:8,(anonymous_0)
FN:25,criarAdminInicial
FN:62,registrarTentativa
FN:73,(anonymous_3)
FNF:4
FNH:0
FNDA:0,(anonymous_0)
FNDA:0,criarAdminInicial
FNDA:0,registrarTentativa
FNDA:0,(anonymous_3)
DA:5,0
DA:8,0
DA:9,0
DA:10,0
DA:12,0
DA:13,0
DA:15,0
DA:18,0
DA:19,0
DA:26,0
DA:28,0
DA:29,0
DA:30,0
DA:32,0
DA:33,0
DA:37,0
DA:39,0
DA:40,0
DA:42,0
DA:46,0
DA:48,0
DA:50,0
DA:51,0
DA:54,0
DA:58,0
DA:59,0
DA:63,0
DA:64,0
DA:66,0
DA:67,0
DA:68,0
DA:70,0
DA:73,0
DA:74,0
DA:77,0
DA:78,0
DA:79,0
DA:80,0
DA:83,0
DA:85,0
DA:87,0
DA:88,0
DA:89,0
DA:96,0
DA:98,0
DA:100,0
DA:104,0
DA:107,0
DA:119,0
DA:131,0
DA:136,0
DA:137,0
DA:140,0
DA:141,0
DA:143,0
DA:144,0
DA:147,0
DA:152,0
DA:156,0
DA:168,0
DA:170,0
DA:182,0
LF:62
LH:0
BRDA:12,0,0,0
BRDA:12,0,1,0
BRDA:25,1,0,0
BRDA:28,2,0,0
BRDA:28,2,1,0
BRDA:62,3,0,0
BRDA:63,4,0,0
BRDA:63,4,1,0
BRDA:66,5,0,0
BRDA:66,5,1,0
BRDA:78,6,0,0
BRDA:78,6,1,0
BRDA:78,7,0,0
BRDA:78,7,1,0
BRDA:78,7,2,0
BRDA:87,8,0,0
BRDA:87,8,1,0
BRDA:88,9,0,0
BRDA:88,9,1,0
BRDA:98,10,0,0
BRDA:98,10,1,0
BRDA:136,11,0,0
BRDA:136,11,1,0
BRDA:143,12,0,0
BRDA:143,12,1,0
BRDA:152,13,0,0
BRDA:152,13,1,0
BRDA:154,14,0,0
BRDA:154,14,1,0
BRDA:168,15,0,0
BRDA:168,15,1,0
BRF:31
BRH:0
end_of_record
TN:
SF:controllers\pacientesController.js
FN:3,(anonymous_0)
FN:12,(anonymous_1)
FN:48,(anonymous_2)
FN:85,(anonymous_3)
FN:97,(anonymous_4)
FNF:5
FNH:3
FNDA:0,(anonymous_0)
FNDA:4,(anonymous_1)
FNDA:1,(anonymous_2)
FNDA:2,(anonymous_3)
FNDA:0,(anonymous_4)
DA:3,1
DA:4,0
DA:5,0
DA:6,0
DA:8,0
DA:12,1
DA:13,4
DA:15,4
DA:16,3
DA:20,1
DA:24,1
DA:26,1
DA:27,1
DA:33,1
DA:38,1
DA:39,0
DA:41,1
DA:42,1
DA:44,0
DA:48,1
DA:49,1
DA:50,1
DA:52,1
DA:53,1
DA:59,1
DA:64,1
DA:65,0
DA:68,1
DA:72,1
DA:74,1
DA:75,1
DA:77,1
DA:79,0
DA:80,0
DA:85,1
DA:86,2
DA:88,2
DA:89,2
DA:90,2
DA:91,1
DA:93,0
DA:97,1
DA:98,0
DA:99,0
DA:101,0
DA:102,0
DA:103,0
DA:104,0
DA:106,0
LF:49
LH:32
BRDA:15,0,0,3
BRDA:15,0,1,1
BRDA:15,1,0,4
BRDA:15,1,1,2
BRDA:15,1,2,1
BRDA:15,1,3,1
BRDA:38,2,0,0
BRDA:38,2,1,1
BRDA:38,3,0,1
BRDA:38,3,1,1
BRDA:64,4,0,0
BRDA:64,4,1,1
BRDA:64,5,0,1
BRDA:64,5,1,1
BRDA:75,6,0,0
BRDA:75,6,1,1
BRDA:90,7,0,1
BRDA:90,7,1,1
BRDA:103,8,0,0
BRDA:103,8,1,0
BRF:20
BRH:15
end_of_record
